<?xml version="1.0" encoding="UTF-8"?>
<!-- Generated by org.testng.reporters.JUnitReportReporter -->
<testsuite hostname="Riddhis-iMac.local" failures="0" tests="1" name="admin.login" time="5.325" errors="0" timestamp="2023-09-15T17:18:31 IST" skipped="0">
  <testcase classname="admin.login" name="openAdminportal" time="5.325"/>
</testsuite> <!-- admin.login -->
